\BOOKMARK [1][-]{section*.1}{Summary}{}% 1
\BOOKMARK [1][-]{section*.2}{Acknowledgements}{}% 2
\BOOKMARK [1][-]{section*.4}{List of Figures}{}% 3
\BOOKMARK [1][-]{section*.5}{List of Tables}{}% 4
\BOOKMARK [1][-]{section.1}{Introduction}{}% 5
\BOOKMARK [1][-]{section.2}{html}{}% 6
\BOOKMARK [1][-]{section.3}{css}{}% 7
\BOOKMARK [1][-]{section.4}{javascript}{}% 8
\BOOKMARK [1][-]{section.5}{text editor}{}% 9
\BOOKMARK [1][-]{section.6}{heroku}{}% 10
\BOOKMARK [1][-]{section.7}{signup/login}{}% 11
\BOOKMARK [1][-]{section.8}{deployment}{}% 12
\BOOKMARK [1][-]{section.9}{}{}% 13
\BOOKMARK [1][-]{section.10}{index}{}% 14
\BOOKMARK [1][-]{section.11}{stream}{}% 15
\BOOKMARK [1][-]{section.12}{letsplay}{}% 16
\BOOKMARK [1][-]{section.13}{about}{}% 17
\BOOKMARK [1][-]{section.14}{logout}{}% 18
\BOOKMARK [1][-]{section.15}{}{}% 19
\BOOKMARK [1][-]{section.16}{}{}% 20
\BOOKMARK [1][-]{section.17}{References}{}% 21
\BOOKMARK [1][-]{appendix.A}{Backmatter Words}{}% 22
