\BOOKMARK [1][-]{section*.3}{List of Figures}{}% 1
\BOOKMARK [1][-]{section.1}{Zeitplan}{}% 2
\BOOKMARK [1][-]{section.2}{Allgemeines}{}% 3
\BOOKMARK [1][-]{section.3}{html}{}% 4
\BOOKMARK [1][-]{section.4}{css}{}% 5
\BOOKMARK [1][-]{section.5}{jquery}{}% 6
\BOOKMARK [1][-]{section.6}{meine jquery-Plugins}{}% 7
\BOOKMARK [1][-]{section.7}{Flask}{}% 8
\BOOKMARK [2][-]{subsection.7.1}{Python-allgemein}{section.7}% 9
\BOOKMARK [2][-]{subsection.7.2}{flask-allgemein}{section.7}% 10
\BOOKMARK [2][-]{subsection.7.3}{flask-vereinfacht}{section.7}% 11
\BOOKMARK [1][-]{section.8}{Datenbanken}{}% 12
\BOOKMARK [1][-]{section.9}{Text Editor}{}% 13
\BOOKMARK [1][-]{section.10}{Git und Github}{}% 14
\BOOKMARK [1][-]{section.11}{phaser Engine}{}% 15
\BOOKMARK [1][-]{section.12}{Latex}{}% 16
\BOOKMARK [1][-]{section.13}{heroku}{}% 17
\BOOKMARK [1][-]{section.14}{CLI/Terminal/cmd/Powershell/iTerm}{}% 18
\BOOKMARK [2][-]{subsection.14.1}{Wof\374r ich den Terminal alles brauche}{section.14}% 19
\BOOKMARK [1][-]{section.15}{Erstellen der Seite}{}% 20
\BOOKMARK [1][-]{section.16}{signup}{}% 21
\BOOKMARK [1][-]{section.17}{login}{}% 22
\BOOKMARK [1][-]{section.18}{logout}{}% 23
\BOOKMARK [1][-]{section.19}{stream}{}% 24
\BOOKMARK [1][-]{section.20}{paint}{}% 25
\BOOKMARK [1][-]{section.21}{Game}{}% 26
\BOOKMARK [2][-]{subsection.21.1}{Sounds}{section.21}% 27
\BOOKMARK [2][-]{subsection.21.2}{Meine Verwendeten Bilder und Sprites}{section.21}% 28
\BOOKMARK [2][-]{subsection.21.3}{Game Teil1: index.html}{section.21}% 29
\BOOKMARK [2][-]{subsection.21.4}{Game Teil2: Boot.js}{section.21}% 30
\BOOKMARK [2][-]{subsection.21.5}{Game Teil3: Preloader.js}{section.21}% 31
\BOOKMARK [2][-]{subsection.21.6}{Game Teil4: Startmenu.js}{section.21}% 32
\BOOKMARK [2][-]{subsection.21.7}{Game Teil5: Game.js}{section.21}% 33
\BOOKMARK [1][-]{section.22}{Zusammenfassung}{}% 34
\BOOKMARK [1][-]{section.23}{Summary}{}% 35
\BOOKMARK [1][-]{section.24}{Literaturverzeichnis}{}% 36
\BOOKMARK [1][-]{appendix.A}{Anhang}{}% 37
